<?xml version="1.0" encoding="UTF-8"?>
<!-- Generated by org.testng.reporters.JUnitXMLReporter -->
<testsuite hostname="ASDW0041" name="Default test" tests="10" failures="0" timestamp="7 Aug 2018 13:07:57 GMT" time="190.352" errors="0">
  <testcase name="Step01_Launch_Application" time="7.366" classname="com.qait.acs.tests.Qa_WebsiteTest"/>
  <testcase name="verify_search_functionality" time="46.454" classname="com.qait.acs.tests.Qa_WebsiteTest"/>
  <testcase name="testingservicesmenu" time="12.777" classname="com.qait.acs.tests.Qa_WebsiteTest"/>
  <testcase name="testingvertical" time="8.303" classname="com.qait.acs.tests.Qa_WebsiteTest"/>
  <testcase name="testinginnovation" time="8.214" classname="com.qait.acs.tests.Qa_WebsiteTest"/>
  <testcase name="checkingteam" time="8.227" classname="com.qait.acs.tests.Qa_WebsiteTest"/>
  <testcase name="testing_news" time="8.467" classname="com.qait.acs.tests.Qa_WebsiteTest"/>
  <testcase name="testingcontact" time="8.227" classname="com.qait.acs.tests.Qa_WebsiteTest"/>
  <testcase name="verify_vertical_section" time="21.923" classname="com.qait.acs.tests.Qa_WebsiteTest"/>
  <testcase name="verify_download_section" time="34.353" classname="com.qait.acs.tests.Qa_WebsiteTest"/>
</testsuite> <!-- Default test -->
